-------------------------------------------------------------------------------
Test set: br.com.boletos.service.BoletoServiceTest
-------------------------------------------------------------------------------
Tests run: 4, Failures: 0, Errors: 4, Skipped: 0, Time elapsed: 0.493 s <<< FAILURE! - in br.com.boletos.service.BoletoServiceTest
nenhumBoletoEncontradoAoConsultarBoletosPorUuidAssociadoeSituacaoBoleto  Time elapsed: 0.46 s  <<< ERROR!
org.mockito.exceptions.misusing.WrongTypeOfReturnValue: 

Optional cannot be returned by findByUuidAssociadoAndSituacaoBoleto()
findByUuidAssociadoAndSituacaoBoleto() should return List
***
If you're unsure why you're getting above error read on.
Due to the nature of the syntax above problem might occur because:
1. This exception *might* occur in wrongly written multi-threaded tests.
   Please refer to Mockito FAQ on limitations of concurrency testing.
2. A spy is stubbed using when(spy.foo()).then() syntax. It is safer to stub spies - 
   - with doReturn|Throw() family of methods. More in javadocs for Mockito.spy() method.

	at br.com.boletos.service.BoletoServiceTest.nenhumBoletoEncontradoAoConsultarBoletosPorUuidAssociadoeSituacaoBoleto(BoletoServiceTest.java:72)

consultarBoletosPorUuidAssociado  Time elapsed: 0.011 s  <<< ERROR!
org.mockito.exceptions.misusing.WrongTypeOfReturnValue: 

Optional cannot be returned by findByUuidAssociado()
findByUuidAssociado() should return List
***
If you're unsure why you're getting above error read on.
Due to the nature of the syntax above problem might occur because:
1. This exception *might* occur in wrongly written multi-threaded tests.
   Please refer to Mockito FAQ on limitations of concurrency testing.
2. A spy is stubbed using when(spy.foo()).then() syntax. It is safer to stub spies - 
   - with doReturn|Throw() family of methods. More in javadocs for Mockito.spy() method.

	at br.com.boletos.service.BoletoServiceTest.consultarBoletosPorUuidAssociado(BoletoServiceTest.java:42)

nenhumBoletoEncontradoAoConsultarBoletosPorUuidAssociado  Time elapsed: 0.002 s  <<< ERROR!
org.mockito.exceptions.misusing.WrongTypeOfReturnValue: 

Optional cannot be returned by findByUuidAssociado()
findByUuidAssociado() should return List
***
If you're unsure why you're getting above error read on.
Due to the nature of the syntax above problem might occur because:
1. This exception *might* occur in wrongly written multi-threaded tests.
   Please refer to Mockito FAQ on limitations of concurrency testing.
2. A spy is stubbed using when(spy.foo()).then() syntax. It is safer to stub spies - 
   - with doReturn|Throw() family of methods. More in javadocs for Mockito.spy() method.

	at br.com.boletos.service.BoletoServiceTest.nenhumBoletoEncontradoAoConsultarBoletosPorUuidAssociado(BoletoServiceTest.java:51)

deveEfetuarPagamento  Time elapsed: 0.003 s  <<< ERROR!
org.mockito.exceptions.misusing.NotAMockException: 

Argument passed to when() is not a mock!
Example of correct stubbing:
    doThrow(new RuntimeException()).when(mock).someMethod();
	at br.com.boletos.service.BoletoServiceTest.deveEfetuarPagamento(BoletoServiceTest.java:87)

