-------------------------------------------------------------------------------
Test set: br.com.boletos.utils.PopuladorH2Test
-------------------------------------------------------------------------------
Tests run: 1, Failures: 1, Errors: 0, Skipped: 0, Time elapsed: 0.473 s <<< FAILURE! - in br.com.boletos.utils.PopuladorH2Test
deveSalvarBoleto  Time elapsed: 0.465 s  <<< FAILURE!
org.mockito.exceptions.verification.WantedButNotInvoked: 

Wanted but not invoked:
boletoRepository.save(
    Boleto(id=10000, UuidAssociado=32ce9e27-926a-458a-9a1e-c822d164c167, valor=500, vencimento=2023-09-05, documentoPagador=123.123.123-43, nomePagador=Nome, nomeFantasiaPagador=NomeFantasia, situacao=EM_ABERTO)
);
-> at br.com.boletos.utils.PopuladorH2Test.deveSalvarBoleto(PopuladorH2Test.java:28)
Actually, there were zero interactions with this mock.

	at br.com.boletos.utils.PopuladorH2Test.deveSalvarBoleto(PopuladorH2Test.java:28)

