-------------------------------------------------------------------------------
Test set: br.com.boletos.BoletosApplicationTests
-------------------------------------------------------------------------------
Tests run: 1, Failures: 0, Errors: 1, Skipped: 0, Time elapsed: 3.636 s <<< FAILURE! - in br.com.boletos.BoletosApplicationTests
contextLoads  Time elapsed: 0 s  <<< ERROR!
java.lang.IllegalStateException: Failed to load ApplicationContext
Caused by: org.springframework.beans.factory.BeanCreationException: Error creating bean with name 'entityManagerFactory' defined in class path resource [org/springframework/boot/autoconfigure/orm/jpa/HibernateJpaConfiguration.class]: Invocation of init method failed; nested exception is org.hibernate.MappingException: component: br.com.boletos.model.Boleto property not found: idBoleto
Caused by: org.hibernate.MappingException: component: br.com.boletos.model.Boleto property not found: idBoleto

